<?xml version="1.0" encoding="UTF-8"?>
<testsuites>
  <testsuite name="fastlane.lanes">
    
    
    
      
      <testcase classname="fastlane.lanes" name="0: default_platform" time="0.000643204">
        
      </testcase>
    
      
      <testcase classname="fastlane.lanes" name="1: clean assembleRelease" time="125.43940266">
        
          <failure message="/usr/local/lib/ruby/gems/3.0.0/gems/fastlane-2.214.0/fastlane/lib/fastlane/actions/actions_helper.rb:67:in `execute_action&apos;&#10;/usr/local/lib/ruby/gems/3.0.0/gems/fastlane-2.214.0/fastlane/lib/fastlane/runner.rb:255:in `block in execute_action&apos;&#10;/usr/local/lib/ruby/gems/3.0.0/gems/fastlane-2.214.0/fastlane/lib/fastlane/runner.rb:229:in `chdir&apos;&#10;/usr/local/lib/ruby/gems/3.0.0/gems/fastlane-2.214.0/fastlane/lib/fastlane/runner.rb:229:in `execute_action&apos;&#10;/usr/local/lib/ruby/gems/3.0.0/gems/fastlane-2.214.0/fastlane/lib/fastlane/runner.rb:157:in `trigger_action_by_name&apos;&#10;/usr/local/lib/ruby/gems/3.0.0/gems/fastlane-2.214.0/fastlane/lib/fastlane/fast_file.rb:159:in `method_missing&apos;&#10;Fastfile:26:in `block (2 levels) in parsing_binding&apos;&#10;/usr/local/lib/ruby/gems/3.0.0/gems/fastlane-2.214.0/fastlane/lib/fastlane/lane.rb:33:in `call&apos;&#10;/usr/local/lib/ruby/gems/3.0.0/gems/fastlane-2.214.0/fastlane/lib/fastlane/runner.rb:49:in `block in execute&apos;&#10;/usr/local/lib/ruby/gems/3.0.0/gems/fastlane-2.214.0/fastlane/lib/fastlane/runner.rb:45:in `chdir&apos;&#10;/usr/local/lib/ruby/gems/3.0.0/gems/fastlane-2.214.0/fastlane/lib/fastlane/runner.rb:45:in `execute&apos;&#10;/usr/local/lib/ruby/gems/3.0.0/gems/fastlane-2.214.0/fastlane/lib/fastlane/lane_manager.rb:47:in `cruise_lane&apos;&#10;/usr/local/lib/ruby/gems/3.0.0/gems/fastlane-2.214.0/fastlane/lib/fastlane/command_line_handler.rb:36:in `handle&apos;&#10;/usr/local/lib/ruby/gems/3.0.0/gems/fastlane-2.214.0/fastlane/lib/fastlane/commands_generator.rb:110:in `block (2 levels) in run&apos;&#10;/usr/local/lib/ruby/gems/3.0.0/gems/commander-4.6.0/lib/commander/command.rb:187:in `call&apos;&#10;/usr/local/lib/ruby/gems/3.0.0/gems/commander-4.6.0/lib/commander/command.rb:157:in `run&apos;&#10;/usr/local/lib/ruby/gems/3.0.0/gems/commander-4.6.0/lib/commander/runner.rb:444:in `run_active_command&apos;&#10;/usr/local/lib/ruby/gems/3.0.0/gems/fastlane-2.214.0/fastlane_core/lib/fastlane_core/ui/fastlane_runner.rb:124:in `run!&apos;&#10;/usr/local/lib/ruby/gems/3.0.0/gems/commander-4.6.0/lib/commander/delegates.rb:18:in `run!&apos;&#10;/usr/local/lib/ruby/gems/3.0.0/gems/fastlane-2.214.0/fastlane/lib/fastlane/commands_generator.rb:354:in `run&apos;&#10;/usr/local/lib/ruby/gems/3.0.0/gems/fastlane-2.214.0/fastlane/lib/fastlane/commands_generator.rb:43:in `start&apos;&#10;/usr/local/lib/ruby/gems/3.0.0/gems/fastlane-2.214.0/fastlane/lib/fastlane/cli_tools_distributor.rb:123:in `take_off&apos;&#10;/usr/local/lib/ruby/gems/3.0.0/gems/fastlane-2.214.0/bin/fastlane:23:in `&lt;top (required)&gt;&apos;&#10;/usr/local/bin/fastlane:23:in `load&apos;&#10;/usr/local/bin/fastlane:23:in `&lt;top (required)&gt;&apos;&#10;/usr/local/lib/ruby/3.0.0/bundler/cli/exec.rb:63:in `load&apos;&#10;/usr/local/lib/ruby/3.0.0/bundler/cli/exec.rb:63:in `kernel_load&apos;&#10;/usr/local/lib/ruby/3.0.0/bundler/cli/exec.rb:28:in `run&apos;&#10;/usr/local/lib/ruby/3.0.0/bundler/cli.rb:474:in `exec&apos;&#10;/usr/local/lib/ruby/3.0.0/bundler/vendor/thor/lib/thor/command.rb:27:in `run&apos;&#10;/usr/local/lib/ruby/3.0.0/bundler/vendor/thor/lib/thor/invocation.rb:127:in `invoke_command&apos;&#10;/usr/local/lib/ruby/3.0.0/bundler/vendor/thor/lib/thor.rb:392:in `dispatch&apos;&#10;/usr/local/lib/ruby/3.0.0/bundler/cli.rb:30:in `dispatch&apos;&#10;/usr/local/lib/ruby/3.0.0/bundler/vendor/thor/lib/thor/base.rb:485:in `start&apos;&#10;/usr/local/lib/ruby/3.0.0/bundler/cli.rb:24:in `start&apos;&#10;/usr/local/lib/ruby/gems/3.0.0/gems/bundler-2.2.22/libexec/bundle:49:in `block in &lt;top (required)&gt;&apos;&#10;/usr/local/lib/ruby/3.0.0/bundler/friendly_errors.rb:128:in `with_friendly_errors&apos;&#10;/usr/local/lib/ruby/gems/3.0.0/gems/bundler-2.2.22/libexec/bundle:37:in `&lt;top (required)&gt;&apos;&#10;/usr/local/bin/bundle:23:in `load&apos;&#10;/usr/local/bin/bundle:23:in `&lt;main&gt;&apos;&#10;&#10;Exit status of command &apos;/home/joaovictor/Repositories/padamobile/android/gradlew clean assembleRelease -p .&apos; was 1 instead of 0.&#10;Starting a Gradle Daemon (subsequent builds will be faster)&#10;&gt; Task :react-native-gradle-plugin:compileKotlin&#10;&gt; Task :react-native-gradle-plugin:compileJava NO-SOURCE&#10;&gt; Task :react-native-gradle-plugin:pluginDescriptors&#10;&gt; Task :react-native-gradle-plugin:processResources&#10;&gt; Task :react-native-gradle-plugin:classes&#10;&gt; Task :react-native-gradle-plugin:inspectClassesForKotlinIC&#10;&gt; Task :react-native-gradle-plugin:jar&#10;&#10;&gt; Configure project :expo-application&#10;WARNING:Software Components will not be created automatically for Maven publishing from Android Gradle Plugin 8.0. To opt-in to the future behavior, set the Gradle property android.disableAutomaticComponentCreation=true in the `gradle.properties` file or use the new publishing DSL.&#10;&#10;&gt; Configure project :expo-constants&#10;WARNING:Software Components will not be created automatically for Maven publishing from Android Gradle Plugin 8.0. To opt-in to the future behavior, set the Gradle property android.disableAutomaticComponentCreation=true in the `gradle.properties` file or use the new publishing DSL.&#10;&#10;&gt; Configure project :expo-eas-client&#10;WARNING:Software Components will not be created automatically for Maven publishing from Android Gradle Plugin 8.0. To opt-in to the future behavior, set the Gradle property android.disableAutomaticComponentCreation=true in the `gradle.properties` file or use the new publishing DSL.&#10;&#10;&gt; Configure project :expo-file-system&#10;WARNING:Software Components will not be created automatically for Maven publishing from Android Gradle Plugin 8.0. To opt-in to the future behavior, set the Gradle property android.disableAutomaticComponentCreation=true in the `gradle.properties` file or use the new publishing DSL.&#10;&#10;&gt; Configure project :expo-font&#10;WARNING:Software Components will not be created automatically for Maven publishing from Android Gradle Plugin 8.0. To opt-in to the future behavior, set the Gradle property android.disableAutomaticComponentCreation=true in the `gradle.properties` file or use the new publishing DSL.&#10;&#10;&gt; Configure project :expo-json-utils&#10;WARNING:Software Components will not be created automatically for Maven publishing from Android Gradle Plugin 8.0. To opt-in to the future behavior, set the Gradle property android.disableAutomaticComponentCreation=true in the `gradle.properties` file or use the new publishing DSL.&#10;&#10;&gt; Configure project :expo-keep-awake&#10;WARNING:Software Components will not be created automatically for Maven publishing from Android Gradle Plugin 8.0. To opt-in to the future behavior, set the Gradle property android.disableAutomaticComponentCreation=true in the `gradle.properties` file or use the new publishing DSL.&#10;&#10;&gt; Configure project :expo-manifests&#10;WARNING:Software Components will not be created automatically for Maven publishing from Android Gradle Plugin 8.0. To opt-in to the future behavior, set the Gradle property android.disableAutomaticComponentCreation=true in the `gradle.properties` file or use the new publishing DSL.&#10;&#10;&gt; Configure project :expo-modules-core&#10;WARNING:Software Components will not be created automatically for Maven publishing from Android Gradle Plugin 8.0. To opt-in to the future behavior, set the Gradle property android.disableAutomaticComponentCreation=true in the `gradle.properties` file or use the new publishing DSL.&#10;&#10;FAILURE: Build completed with 2 failures.&#10;&#10;1: Task failed with an exception.&#10;-----------&#10;* Where:&#10;Script &apos;/home/joaovictor/Repositories/padamobile/node_modules/expo-modules-autolinking/scripts/android/autolinking_implementation.gradle&apos; line: 326&#10;&#10;* What went wrong:&#10;A problem occurred evaluating project &apos;:expo&apos;.&#10;&gt; A problem occurred configuring project &apos;:expo-modules-core&apos;.&#10;   &gt; Failed to notify project evaluation listener.&#10;      &gt; SDK location not found. Define a valid SDK location with an ANDROID_HOME environment variable or by setting the sdk.dir path in your project&apos;s local properties file at &apos;/home/joaovictor/Repositories/padamobile/android/local.properties&apos;.&#10;      &gt; Could not get unknown property &apos;release&apos; for SoftwareComponentInternal set of type org.gradle.api.internal.component.DefaultSoftwareComponentContainer.&#10;&#10;* Try:&#10;&gt; Run with --stacktrace option to get the stack trace.&#10;&gt; Run with --info or --debug option to get more log output.&#10;&gt; Run with --scan to get full insights.&#10;==============================================================================&#10;&#10;2: Task failed with an exception.&#10;-----------&#10;* What went wrong:&#10;A problem occurred configuring project &apos;:expo&apos;.&#10;&gt; compileSdkVersion is not specified. Please add it to build.gradle&#10;&#10;* Try:&#10;&gt; Run with --stacktrace option to get the stack trace.&#10;&gt; Run with --info or --debug option to get more log output.&#10;&gt; Run with --scan to get full insights.&#10;==============================================================================&#10;&#10;* Get more help at https://help.gradle.org&#10;&#10;BUILD FAILED in 2m 4s&#10;5 actionable tasks: 5 executed&#10;" />
        
      </testcase>
    
  </testsuite>
</testsuites>
